info it worked if it ends with ok
verbose cli [ 'node', '/usr/bin/npm', 'install', 'socket.io' ]
info using npm@1.1.4
info using node@v0.6.12
verbose config file /home/vagrant/.npmrc
verbose config file /usr/etc/npmrc
verbose config file /usr/share/npm/npmrc
verbose cache add [ 'socket.io', null ]
silly cache add: name, spec, args [ undefined, 'socket.io', [ 'socket.io', null ] ]
verbose parsed url { pathname: 'socket.io', path: 'socket.io', href: 'socket.io' }
verbose addNamed [ 'socket.io', '' ]
verbose addNamed [ null, '' ]
silly name, range, hasData [ 'socket.io', '', false ]
verbose raw, before any munging socket.io
verbose url resolving [ 'http://registry.npmjs.org/', './socket.io' ]
verbose url resolved http://registry.npmjs.org/socket.io
http GET http://registry.npmjs.org/socket.io
http 200 http://registry.npmjs.org/socket.io
silly get cb [ 200,
silly get cb   { server: 'CouchDB/1.5.0 (Erlang OTP/R16B03)',
silly get cb     etag: '"395QJLC94A49NZPG0WEE6XF53"',
silly get cb     'content-type': 'application/json',
silly get cb     'cache-control': 'max-age=60',
silly get cb     'content-length': '110935',
silly get cb     'accept-ranges': 'bytes',
silly get cb     date: 'Wed, 01 Apr 2015 00:15:12 GMT',
silly get cb     via: '1.1 varnish',
silly get cb     age: '0',
silly get cb     connection: 'keep-alive',
silly get cb     'x-served-by': 'cache-nrt6123-NRT',
silly get cb     'x-cache': 'HIT',
silly get cb     'x-cache-hits': '1',
silly get cb     'x-timer': 'S1427847312.437263,VS0,VE452',
silly get cb     vary: 'Accept' } ]
verbose mkdir (expected) error ENOENT, no such file or directory '/home/vagrant/.npm'
verbose mkdir (expected) error ENOENT, no such file or directory '/home/vagrant/.npm/socket.io'
verbose mkdir done: /home/vagrant/.npm/socket.io 755
silly name, range, hasData 2 [ 'socket.io', '', true ]
silly versions [ 'socket.io',
silly versions   [ '0.3.8',
silly versions     '0.4.0',
silly versions     '0.4.1',
silly versions     '0.5.1',
silly versions     '0.5.3',
silly versions     '0.6.0',
silly versions     '0.6.1',
silly versions     '0.6.3',
silly versions     '0.6.4',
silly versions     '0.6.5',
silly versions     '0.6.6',
silly versions     '0.6.7',
silly versions     '0.6.8',
silly versions     '0.6.9',
silly versions     '0.6.10',
silly versions     '0.6.11',
silly versions     '0.6.12',
silly versions     '0.6.14',
silly versions     '0.6.15',
silly versions     '0.6.16',
silly versions     '0.6.17',
silly versions     '0.6.18',
silly versions     '0.7.0',
silly versions     '0.7.1',
silly versions     '0.7.2',
silly versions     '0.7.3',
silly versions     '0.7.4',
silly versions     '0.7.5',
silly versions     '0.7.6',
silly versions     '0.7.7',
silly versions     '0.7.8',
silly versions     '0.7.9',
silly versions     '0.7.10',
silly versions     '0.7.11',
silly versions     '0.8.0',
silly versions     '0.8.1',
silly versions     '0.8.2',
silly versions     '0.8.3',
silly versions     '0.8.4',
silly versions     '0.8.5',
silly versions     '0.8.6',
silly versions     '0.8.7',
silly versions     '0.9.0',
silly versions     '0.9.1',
silly versions     '0.9.1-1',
silly versions     '0.9.2',
silly versions     '0.9.3',
silly versions     '0.9.4',
silly versions     '0.9.5',
silly versions     '0.9.6',
silly versions     '0.9.7',
silly versions     '0.9.8',
silly versions     '0.9.9',
silly versions     '0.9.10',
silly versions     '0.9.11',
silly versions     '0.9.12',
silly versions     '0.9.13',
silly versions     '0.9.14',
silly versions     '0.9.15',
silly versions     '0.9.16',
silly versions     '1.0.0-pre',
silly versions     '1.0.0-pre2',
silly versions     '1.0.0-pre3',
silly versions     '1.0.0-pre4',
silly versions     '1.0.0-pre5',
silly versions     '0.9.17',
silly versions     '1.0.0',
silly versions     '1.0.1',
silly versions     '1.0.2',
silly versions     '1.0.3',
silly versions     '1.0.4',
silly versions     '1.0.5',
silly versions     '1.0.6',
silly versions     '1.1.0',
silly versions     '1.2.0',
silly versions     '1.2.1',
silly versions     '1.3.0',
silly versions     '1.3.1',
silly versions     '1.3.2',
silly versions     '1.3.3',
silly versions     '1.3.4',
silly versions     '1.3.5' ] ]
verbose bin dist [ '0.6-ares1.7.5-evundefined-openssl1.0.1-v83.7.12.22-linux-ia32-3.2.0-23-generic-pae',
verbose bin dist   { shasum: 'bfd609f37626889e94df9d3526db79a84255f1d8',
verbose bin dist     tarball: 'http://registry.npmjs.org/socket.io/-/socket.io-1.3.5.tgz' } ]
verbose addRemoteTarball [ 'http://registry.npmjs.org/socket.io/-/socket.io-1.3.5.tgz',
verbose addRemoteTarball   'bfd609f37626889e94df9d3526db79a84255f1d8' ]
verbose mkdir (expected) error ENOENT, no such file or directory '/tmp/npm-1427847313231'
verbose mkdir (expected) error ENOENT, no such file or directory '/tmp/npm-1427847313231/1427847313231-0.9854248359333724'
verbose mkdir done: /tmp/npm-1427847313231/1427847313231-0.9854248359333724 755
verbose fetch to /tmp/npm-1427847313231/1427847313231-0.9854248359333724/tmp.tgz
http GET http://registry.npmjs.org/socket.io/-/socket.io-1.3.5.tgz
http 200 http://registry.npmjs.org/socket.io/-/socket.io-1.3.5.tgz
silly updated sha bytes 17047
info shasum bfd609f37626889e94df9d3526db79a84255f1d8
info shasum /tmp/npm-1427847313231/1427847313231-0.9854248359333724/tmp.tgz
verbose mkdir (expected) error ENOENT, no such file or directory '/tmp/npm-1427847313231/1427847313231-0.9854248359333724/___package.npm'
verbose mkdir done: /tmp/npm-1427847313231/1427847313231-0.9854248359333724/___package.npm 755
verbose unpack_ uid, gid [ 1000, 1000 ]
verbose unpackTarget /tmp/npm-1427847313231/1427847313231-0.9854248359333724/package
silly gunzTarPerm modes [ '755', '644' ]
silly afterUntar ok
silly asyncMap in gTP /tmp/npm-1427847313231/1427847313231-0.9854248359333724/___package.npm/package
silly asyncMap in gTP /tmp/npm-1427847313231/1427847313231-0.9854248359333724/___package.npm/package/Readme.md
silly asyncMap in gTP /tmp/npm-1427847313231/1427847313231-0.9854248359333724/___package.npm/package/LICENSE
silly asyncMap in gTP /tmp/npm-1427847313231/1427847313231-0.9854248359333724/___package.npm/package/index.js
silly asyncMap in gTP /tmp/npm-1427847313231/1427847313231-0.9854248359333724/___package.npm/package/.npmignore
silly asyncMap in gTP /tmp/npm-1427847313231/1427847313231-0.9854248359333724/___package.npm/package/.travis.yml
silly asyncMap in gTP /tmp/npm-1427847313231/1427847313231-0.9854248359333724/___package.npm/package/package.json
silly asyncMap in gTP /tmp/npm-1427847313231/1427847313231-0.9854248359333724/___package.npm/package/Makefile
silly asyncMap in gTP /tmp/npm-1427847313231/1427847313231-0.9854248359333724/___package.npm/package/History.md
silly asyncMap in gTP /tmp/npm-1427847313231/1427847313231-0.9854248359333724/___package.npm/package/lib
silly asyncMap in gTP /tmp/npm-1427847313231/1427847313231-0.9854248359333724/___package.npm/package/lib/namespace.js
silly asyncMap in gTP /tmp/npm-1427847313231/1427847313231-0.9854248359333724/___package.npm/package/lib/index.js
silly asyncMap in gTP /tmp/npm-1427847313231/1427847313231-0.9854248359333724/___package.npm/package/lib/client.js
silly asyncMap in gTP /tmp/npm-1427847313231/1427847313231-0.9854248359333724/___package.npm/package/lib/socket.js
verbose gunzed /tmp/npm-1427847313231/1427847313231-0.9854248359333724/___package.npm/package
verbose rm'ed /tmp/npm-1427847313231/1427847313231-0.9854248359333724/package
verbose renamed [ '/tmp/npm-1427847313231/1427847313231-0.9854248359333724/___package.npm/package',
verbose renamed   '/tmp/npm-1427847313231/1427847313231-0.9854248359333724/package' ]
verbose caching /tmp/npm-1427847313231/1427847313231-0.9854248359333724/package/package.json
verbose loadDefaults socket.io@1.3.5
verbose tarball contents [ 'tmp.tgz', 'package' ]
verbose from cache /tmp/npm-1427847313231/1427847313231-0.9854248359333724/package/package.json
verbose pack /tmp/npm-1427847313231/1427847313231-0.9854248359333724/package
verbose pack /tmp/npm-1427847313231/1427847313231-0.9854248359333724/package /home/vagrant/.npm/socket.io/1.3.5/package.tgz
silly makeList /tmp/npm-1427847313231/1427847313231-0.9854248359333724/package
silly dir, dirLen [ '/tmp/npm-1427847313231/1427847313231-0.9854248359333724/package',
silly dir, dirLen   64 ]
verbose tarball /home/vagrant/.npm/socket.io/1.3.5/package.tgz
verbose parent /tmp/npm-1427847313231/1427847313231-0.9854248359333724/package
verbose mkdir (expected) error ENOENT, no such file or directory '/home/vagrant/.npm/socket.io/1.3.5/___package.npm'
verbose mkdir done: /home/vagrant/.npm/socket.io/1.3.5/___package.npm 755
verbose unpack_ uid, gid [ 1000, 1000 ]
verbose unpackTarget /home/vagrant/.npm/socket.io/1.3.5/package
silly gunzTarPerm modes [ '755', '644' ]
silly afterUntar ok
silly asyncMap in gTP /home/vagrant/.npm/socket.io/1.3.5/___package.npm/package
silly asyncMap in gTP /home/vagrant/.npm/socket.io/1.3.5/___package.npm/package/Readme.md
silly asyncMap in gTP /home/vagrant/.npm/socket.io/1.3.5/___package.npm/package/LICENSE
silly asyncMap in gTP /home/vagrant/.npm/socket.io/1.3.5/___package.npm/package/index.js
silly asyncMap in gTP /home/vagrant/.npm/socket.io/1.3.5/___package.npm/package/.npmignore
silly asyncMap in gTP /home/vagrant/.npm/socket.io/1.3.5/___package.npm/package/.travis.yml
silly asyncMap in gTP /home/vagrant/.npm/socket.io/1.3.5/___package.npm/package/package.json
silly asyncMap in gTP /home/vagrant/.npm/socket.io/1.3.5/___package.npm/package/Makefile
silly asyncMap in gTP /home/vagrant/.npm/socket.io/1.3.5/___package.npm/package/History.md
silly asyncMap in gTP /home/vagrant/.npm/socket.io/1.3.5/___package.npm/package/lib
silly asyncMap in gTP /home/vagrant/.npm/socket.io/1.3.5/___package.npm/package/lib/namespace.js
silly asyncMap in gTP /home/vagrant/.npm/socket.io/1.3.5/___package.npm/package/lib/index.js
silly asyncMap in gTP /home/vagrant/.npm/socket.io/1.3.5/___package.npm/package/lib/client.js
silly asyncMap in gTP /home/vagrant/.npm/socket.io/1.3.5/___package.npm/package/lib/socket.js
verbose gunzed /home/vagrant/.npm/socket.io/1.3.5/___package.npm/package
verbose rm'ed /home/vagrant/.npm/socket.io/1.3.5/package
verbose renamed [ '/home/vagrant/.npm/socket.io/1.3.5/___package.npm/package',
verbose renamed   '/home/vagrant/.npm/socket.io/1.3.5/package' ]
verbose caching /home/vagrant/.npm/socket.io/1.3.5/package/package.json
verbose loadDefaults socket.io@1.3.5
silly updated sha bytes 17221
info shasum 61a9a9ba63c829ac1b55ed59f38779a065a2f7d6
info shasum /home/vagrant/.npm/socket.io/1.3.5/package.tgz
verbose from cache /home/vagrant/.npm/socket.io/1.3.5/package/package.json
verbose chmod /home/vagrant/.npm/socket.io/1.3.5/package.tgz 644
verbose chown [ '/home/vagrant/.npm/socket.io/1.3.5/package.tgz', 1000, 1000 ]
silly resolved [ { name: 'socket.io',
silly resolved     version: '1.3.5',
silly resolved     description: 'node.js realtime framework server',
silly resolved     keywords: 
silly resolved      [ 'realtime',
silly resolved        'framework',
silly resolved        'websocket',
silly resolved        'tcp',
silly resolved        'events',
silly resolved        'socket',
silly resolved        'io' ],
silly resolved     repository: 
silly resolved      { type: 'git',
silly resolved        url: 'git://github.com/Automattic/socket.io.git' },
silly resolved     scripts: { test: 'mocha --reporter dot --slow 200ms --bail' },
silly resolved     dependencies: 
silly resolved      { 'engine.io': '1.5.1',
silly resolved        'socket.io-parser': '2.2.4',
silly resolved        'socket.io-client': '1.3.5',
silly resolved        'socket.io-adapter': '0.3.1',
silly resolved        'has-binary-data': '0.1.3',
silly resolved        debug: '2.1.0' },
silly resolved     devDependencies: 
silly resolved      { mocha: '1.16.2',
silly resolved        'expect.js': '0.3.1',
silly resolved        supertest: '0.8.2',
silly resolved        superagent: '0.17.0',
silly resolved        istanbul: '0.2.3' },
silly resolved     contributors: 
silly resolved      [ { name: 'Guillermo Rauch', email: 'rauchg@gmail.com' },
silly resolved        { name: 'Arnout Kazemier', email: 'info@3rd-eden.com' },
silly resolved        { name: 'Vladimir Dronnikov', email: 'dronnikov@gmail.com' },
silly resolved        { name: 'Einar Otto Stangvik', email: 'einaros@gmail.com' } ],
silly resolved     _id: 'socket.io@1.3.5',
silly resolved     optionalDependencies: {},
silly resolved     engines: { node: '*' },
silly resolved     _engineSupported: true,
silly resolved     _npmVersion: '1.1.4',
silly resolved     _nodeVersion: 'v0.6.12',
silly resolved     _defaultsLoaded: true,
silly resolved     dist: { shasum: '61a9a9ba63c829ac1b55ed59f38779a065a2f7d6' },
silly resolved     _from: 'socket.io' } ]
info into /vagrant/silex-test socket.io@1.3.5
info installOne socket.io@1.3.5
verbose from cache /home/vagrant/.npm/socket.io/1.3.5/package/package.json
info unbuild /vagrant/silex-test/node_modules/socket.io
verbose mkdir (expected) error ENOENT, no such file or directory '/vagrant/silex-test/node_modules'
verbose mkdir (expected) error ENOENT, no such file or directory '/vagrant/silex-test/node_modules/___socket.io.npm'
verbose mkdir done: /vagrant/silex-test/node_modules/___socket.io.npm 755
verbose unpack_ uid, gid [ 1000, 1000 ]
verbose unpackTarget /vagrant/silex-test/node_modules/socket.io
silly gunzTarPerm modes [ '755', '644' ]
silly afterUntar ok
silly asyncMap in gTP /vagrant/silex-test/node_modules/___socket.io.npm/package
silly asyncMap in gTP /vagrant/silex-test/node_modules/___socket.io.npm/package/index.js
silly asyncMap in gTP /vagrant/silex-test/node_modules/___socket.io.npm/package/.npmignore
silly asyncMap in gTP /vagrant/silex-test/node_modules/___socket.io.npm/package/.travis.yml
silly asyncMap in gTP /vagrant/silex-test/node_modules/___socket.io.npm/package/History.md
silly asyncMap in gTP /vagrant/silex-test/node_modules/___socket.io.npm/package/Readme.md
silly asyncMap in gTP /vagrant/silex-test/node_modules/___socket.io.npm/package/Makefile
silly asyncMap in gTP /vagrant/silex-test/node_modules/___socket.io.npm/package/LICENSE
silly asyncMap in gTP /vagrant/silex-test/node_modules/___socket.io.npm/package/package.json
silly asyncMap in gTP /vagrant/silex-test/node_modules/___socket.io.npm/package/lib
silly asyncMap in gTP /vagrant/silex-test/node_modules/___socket.io.npm/package/lib/index.js
silly asyncMap in gTP /vagrant/silex-test/node_modules/___socket.io.npm/package/lib/socket.js
silly asyncMap in gTP /vagrant/silex-test/node_modules/___socket.io.npm/package/lib/client.js
silly asyncMap in gTP /vagrant/silex-test/node_modules/___socket.io.npm/package/lib/namespace.js
ERR! error installing socket.io@1.3.5
info unbuild /vagrant/silex-test/node_modules/socket.io
verbose installOne cb socket.io@1.3.5
ERR! Error: EPERM, operation not permitted '/vagrant/silex-test/node_modules/___socket.io.npm'
ERR! 
ERR! Please try running this command again as root/Administrator.
ERR! 
ERR! System Linux 3.2.0-23-generic-pae
ERR! command "node" "/usr/bin/npm" "install" "socket.io"
ERR! cwd /vagrant/silex-test
ERR! node -v v0.6.12
ERR! npm -v 1.1.4
ERR! path /vagrant/silex-test/node_modules/___socket.io.npm
ERR! code EPERM
ERR! message EPERM, operation not permitted '/vagrant/silex-test/node_modules/___socket.io.npm'
ERR! errno {}
verbose exit [ 1, true ]
